<?xml version="1.0" encoding="UTF-8"?>
<!-- Generated by org.testng.reporters.JUnitReportReporter -->
<testsuite skipped="0" hostname="BLT1218" name="Testcases.logintestcases" tests="1" failures="0" timestamp="2020-02-20T09:52:31 IST" time="8.768" errors="0">
  <testcase name="login" time="8.768" classname="Testcases.logintestcases"/>
  <system-out/>
</testsuite> <!-- Testcases.logintestcases -->
