<?xml version="1.0" encoding="UTF-8"?>
<!-- Generated by org.testng.reporters.JUnitReportReporter -->
<testsuite skipped="0" hostname="BLT1218" name="Assign.keyboard" tests="1" failures="0" timestamp="2020-02-20T10:11:34 IST" time="15.162" errors="0">
  <testcase name="key" time="15.162" classname="Assign.keyboard"/>
</testsuite> <!-- Assign.keyboard -->
