<?xml version="1.0" encoding="UTF-8"?>
<!-- Generated by org.testng.reporters.JUnitReportReporter -->
<testsuite skipped="0" hostname="BLT1218" name="Com.testcase.Amazon_search_testcase_firefox" tests="1" failures="0" timestamp="2020-03-07T12:28:23 IST" time="6.262" errors="0">
  <testcase name="move" time="6.262" classname="Com.testcase.Amazon_search_testcase_firefox"/>
</testsuite> <!-- Com.testcase.Amazon_search_testcase_firefox -->
