<?xml version="1.0" encoding="UTF-8"?>
<!-- Generated by org.testng.reporters.JUnitReportReporter -->
<testsuite skipped="0" hostname="BLT1218" name="Com.testcase.Amazon_Account_testcase" tests="1" failures="0" timestamp="2020-03-07T12:28:23 IST" time="3.646" errors="0">
  <testcase name="move" time="3.646" classname="Com.testcase.Amazon_Account_testcase"/>
</testsuite> <!-- Com.testcase.Amazon_Account_testcase -->
