<?xml version="1.0" encoding="UTF-8"?>
<!-- Generated by org.testng.reporters.JUnitReportReporter -->
<testsuite skipped="0" hostname="BLT1218" name="Com.testcase.Amazon_Account_Testcasae" tests="1" failures="0" timestamp="2020-03-05T09:46:14 IST" time="2.660" errors="0">
  <testcase name="move" time="2.660" classname="Com.testcase.Amazon_Account_Testcasae"/>
</testsuite> <!-- Com.testcase.Amazon_Account_Testcasae -->
