<?xml version="1.0" encoding="UTF-8"?>
<!-- Generated by org.testng.reporters.JUnitReportReporter -->
<testsuite skipped="0" hostname="BLT1218" name="Com.testcase.Amazon_login_testcase_firefox" tests="2" failures="0" timestamp="2020-03-07T12:28:23 IST" time="128.057" errors="0">
  <testcase name="login" time="94.744" classname="Com.testcase.Amazon_login_testcase_firefox"/>
  <testcase name="login1" time="33.313" classname="Com.testcase.Amazon_login_testcase_firefox"/>
</testsuite> <!-- Com.testcase.Amazon_login_testcase_firefox -->
