<?xml version="1.0" encoding="UTF-8"?>
<!-- Generated by org.testng.reporters.JUnitReportReporter -->
<testsuite skipped="0" hostname="BLT1218" name="Com.testcase.Amazon_login_testcase" tests="2" failures="0" timestamp="2020-03-07T12:28:23 IST" time="69.462" errors="0">
  <testcase name="login" time="38.382" classname="Com.testcase.Amazon_login_testcase"/>
  <testcase name="login1" time="31.080" classname="Com.testcase.Amazon_login_testcase"/>
</testsuite> <!-- Com.testcase.Amazon_login_testcase -->
