<?xml version="1.0" encoding="UTF-8"?>
<!-- Generated by org.testng.reporters.JUnitReportReporter -->
<testsuite skipped="0" hostname="BLT1218" name="Com.testcase.Amazon_search_testcase" tests="1" failures="0" timestamp="2020-03-07T12:28:23 IST" time="20.721" errors="0">
  <testcase name="move" time="20.721" classname="Com.testcase.Amazon_search_testcase"/>
</testsuite> <!-- Com.testcase.Amazon_search_testcase -->
