<?xml version="1.0" encoding="UTF-8"?>
<!-- Generated by org.testng.reporters.JUnitReportReporter -->
<testsuite skipped="0" hostname="BLT1218" name="Com.Testcases.Selenium_Hq_firefox_Testcase" tests="1" failures="0" timestamp="2020-03-12T11:43:53 IST" time="6.277" errors="0">
  <testcase name="Assert" time="6.277" classname="Com.Testcases.Selenium_Hq_firefox_Testcase"/>
</testsuite> <!-- Com.Testcases.Selenium_Hq_firefox_Testcase -->
