<?xml version="1.0" encoding="UTF-8"?>
<!-- Generated by org.testng.reporters.JUnitReportReporter -->
<testsuite skipped="0" hostname="BLT1218" name="Com.Testcases.SeleniumHq_Testcase" tests="1" failures="0" timestamp="2020-03-12T11:43:53 IST" time="8.760" errors="0">
  <testcase name="Assert" time="8.760" classname="Com.Testcases.SeleniumHq_Testcase"/>
</testsuite> <!-- Com.Testcases.SeleniumHq_Testcase -->
